{"D:\\CONG VIEC\\google-auth-everywhere\\src\\assets\\github-logo.ts": {"path":"D:\\CONG VIEC\\google-auth-everywhere\\src\\assets\\github-logo.ts","statementMap":{"0":{"start":{"line":1,"column":26},"end":{"line":3,"column":7}}},"fnMap":{},"branchMap":{},"s":{"0":1},"f":{},"b":{},"meta":{"lastBranch":0,"lastFunction":0,"lastStatement":1,"seen":{"s:1:26:3:7":0}}}
,"D:\\CONG VIEC\\google-auth-everywhere\\src\\assets\\google-logo.ts": {"path":"D:\\CONG VIEC\\google-auth-everywhere\\src\\assets\\google-logo.ts","statementMap":{"0":{"start":{"line":1,"column":26},"end":{"line":6,"column":7}}},"fnMap":{},"branchMap":{},"s":{"0":1},"f":{},"b":{},"meta":{"lastBranch":0,"lastFunction":0,"lastStatement":1,"seen":{"s:1:26:6:7":0}}}
,"D:\\CONG VIEC\\google-auth-everywhere\\src\\assets\\microsoft-logo.ts": {"path":"D:\\CONG VIEC\\google-auth-everywhere\\src\\assets\\microsoft-logo.ts","statementMap":{"0":{"start":{"line":1,"column":29},"end":{"line":6,"column":7}}},"fnMap":{},"branchMap":{},"s":{"0":1},"f":{},"b":{},"meta":{"lastBranch":0,"lastFunction":0,"lastStatement":1,"seen":{"s:1:29:6:7":0}}}
,"D:\\CONG VIEC\\google-auth-everywhere\\src\\components\\auth-button.ts": {"path":"D:\\CONG VIEC\\google-auth-everywhere\\src\\components\\auth-button.ts","statementMap":{"0":{"start":{"line":8,"column":44},"end":{"line":12,"column":null}},"1":{"start":{"line":14,"column":20},"end":{"line":14,"column":null}},"2":{"start":{"line":17,"column":30},"end":{"line":20,"column":null}},"3":{"start":{"line":25,"column":4},"end":{"line":25,"column":null}},"4":{"start":{"line":22,"column":21},"end":{"line":22,"column":null}},"5":{"start":{"line":26,"column":4},"end":{"line":26,"column":null}},"6":{"start":{"line":30,"column":4},"end":{"line":30,"column":null}},"7":{"start":{"line":31,"column":4},"end":{"line":31,"column":null}},"8":{"start":{"line":31,"column":78},"end":{"line":31,"column":96}},"9":{"start":{"line":35,"column":4},"end":{"line":35,"column":null}},"10":{"start":{"line":35,"column":26},"end":{"line":35,"column":null}},"11":{"start":{"line":39,"column":4},"end":{"line":39,"column":null}},"12":{"start":{"line":43,"column":4},"end":{"line":43,"column":null}},"13":{"start":{"line":47,"column":4},"end":{"line":47,"column":null}},"14":{"start":{"line":51,"column":19},"end":{"line":51,"column":47}},"15":{"start":{"line":52,"column":23},"end":{"line":52,"column":55}},"16":{"start":{"line":53,"column":4},"end":{"line":53,"column":null}},"17":{"start":{"line":53,"column":32},"end":{"line":53,"column":null}},"18":{"start":{"line":54,"column":4},"end":{"line":57,"column":null}},"19":{"start":{"line":61,"column":4},"end":{"line":61,"column":null}},"20":{"start":{"line":62,"column":16},"end":{"line":62,"column":56}},"21":{"start":{"line":63,"column":4},"end":{"line":63,"column":null}},"22":{"start":{"line":63,"column":14},"end":{"line":63,"column":null}},"23":{"start":{"line":64,"column":4},"end":{"line":64,"column":null}},"24":{"start":{"line":65,"column":4},"end":{"line":65,"column":null}},"25":{"start":{"line":66,"column":4},"end":{"line":66,"column":null}},"26":{"start":{"line":68,"column":19},"end":{"line":68,"column":55}},"27":{"start":{"line":69,"column":4},"end":{"line":70,"column":null}},"28":{"start":{"line":70,"column":6},"end":{"line":70,"column":null}},"29":{"start":{"line":75,"column":21},"end":{"line":75,"column":null}},"30":{"start":{"line":76,"column":19},"end":{"line":76,"column":43}},"31":{"start":{"line":78,"column":4},"end":{"line":104,"column":null}},"32":{"start":{"line":79,"column":6},"end":{"line":79,"column":null}},"33":{"start":{"line":80,"column":33},"end":{"line":80,"column":75}},"34":{"start":{"line":82,"column":6},"end":{"line":86,"column":null}},"35":{"start":{"line":88,"column":24},"end":{"line":88,"column":55}},"36":{"start":{"line":89,"column":6},"end":{"line":95,"column":null}},"37":{"start":{"line":90,"column":25},"end":{"line":90,"column":67}},"38":{"start":{"line":91,"column":8},"end":{"line":95,"column":null}},"39":{"start":{"line":98,"column":6},"end":{"line":102,"column":null}},"40":{"start":{"line":104,"column":6},"end":{"line":104,"column":null}},"41":{"start":{"line":109,"column":21},"end":{"line":109,"column":null}},"42":{"start":{"line":110,"column":18},"end":{"line":110,"column":null}},"43":{"start":{"line":111,"column":17},"end":{"line":111,"column":null}},"44":{"start":{"line":112,"column":10},"end":{"line":112,"column":67}},"45":{"start":{"line":114,"column":4},"end":{"line":118,"column":null}},"46":{"start":{"line":123,"column":4},"end":{"line":123,"column":null}},"47":{"start":{"line":123,"column":78},"end":{"line":123,"column":96}},"48":{"start":{"line":127,"column":0},"end":{"line":127,"column":null}}},"fnMap":{"0":{"name":"(anonymous_0)","decl":{"start":{"line":24,"column":2},"end":{"line":24,"column":16}},"loc":{"start":{"line":24,"column":16},"end":{"line":26,"column":null}},"line":24},"1":{"name":"(anonymous_1)","decl":{"start":{"line":29,"column":2},"end":{"line":29,"column":22}},"loc":{"start":{"line":29,"column":22},"end":{"line":31,"column":null}},"line":29},"2":{"name":"(anonymous_2)","decl":{"start":{"line":31,"column":63},"end":{"line":31,"column":78}},"loc":{"start":{"line":31,"column":78},"end":{"line":31,"column":96}},"line":31},"3":{"name":"(anonymous_3)","decl":{"start":{"line":34,"column":2},"end":{"line":34,"column":29}},"loc":{"start":{"line":34,"column":29},"end":{"line":35,"column":null}},"line":34},"4":{"name":"(anonymous_4)","decl":{"start":{"line":38,"column":14},"end":{"line":38,"column":39}},"loc":{"start":{"line":38,"column":39},"end":{"line":39,"column":null}},"line":38},"5":{"name":"(anonymous_5)","decl":{"start":{"line":42,"column":14},"end":{"line":42,"column":40}},"loc":{"start":{"line":42,"column":40},"end":{"line":43,"column":null}},"line":42},"6":{"name":"(anonymous_6)","decl":{"start":{"line":46,"column":14},"end":{"line":46,"column":51}},"loc":{"start":{"line":46,"column":51},"end":{"line":47,"column":null}},"line":46},"7":{"name":"(anonymous_7)","decl":{"start":{"line":50,"column":2},"end":{"line":50,"column":10}},"loc":{"start":{"line":50,"column":68},"end":{"line":57,"column":null}},"line":50},"8":{"name":"(anonymous_8)","decl":{"start":{"line":60,"column":2},"end":{"line":60,"column":10}},"loc":{"start":{"line":60,"column":39},"end":{"line":70,"column":null}},"line":60},"9":{"name":"(anonymous_9)","decl":{"start":{"line":74,"column":16},"end":{"line":74,"column":30}},"loc":{"start":{"line":74,"column":30},"end":{"line":104,"column":null}},"line":74},"10":{"name":"(anonymous_10)","decl":{"start":{"line":108,"column":2},"end":{"line":108,"column":10}},"loc":{"start":{"line":108,"column":19},"end":{"line":123,"column":null}},"line":108},"11":{"name":"(anonymous_11)","decl":{"start":{"line":123,"column":63},"end":{"line":123,"column":78}},"loc":{"start":{"line":123,"column":78},"end":{"line":123,"column":96}},"line":123}},"branchMap":{"0":{"loc":{"start":{"line":35,"column":4},"end":{"line":35,"column":null}},"type":"if","locations":[{"start":{"line":35,"column":4},"end":{"line":35,"column":null}},{"start":{},"end":{}}],"line":35},"1":{"loc":{"start":{"line":39,"column":12},"end":{"line":39,"column":null}},"type":"binary-expr","locations":[{"start":{"line":39,"column":12},"end":{"line":39,"column":41}},{"start":{"line":39,"column":62},"end":{"line":39,"column":null}}],"line":39},"2":{"loc":{"start":{"line":43,"column":12},"end":{"line":43,"column":null}},"type":"binary-expr","locations":[{"start":{"line":43,"column":12},"end":{"line":43,"column":38}},{"start":{"line":43,"column":63},"end":{"line":43,"column":null}}],"line":43},"3":{"loc":{"start":{"line":47,"column":12},"end":{"line":47,"column":null}},"type":"binary-expr","locations":[{"start":{"line":47,"column":12},"end":{"line":47,"column":37}},{"start":{"line":47,"column":74},"end":{"line":47,"column":null}}],"line":47},"4":{"loc":{"start":{"line":53,"column":4},"end":{"line":53,"column":null}},"type":"if","locations":[{"start":{"line":53,"column":4},"end":{"line":53,"column":null}},{"start":{},"end":{}}],"line":53},"5":{"loc":{"start":{"line":53,"column":8},"end":{"line":53,"column":32}},"type":"binary-expr","locations":[{"start":{"line":53,"column":8},"end":{"line":53,"column":19}},{"start":{"line":53,"column":19},"end":{"line":53,"column":32}}],"line":53},"6":{"loc":{"start":{"line":55,"column":10},"end":{"line":55,"column":34}},"type":"cond-expr","locations":[{"start":{"line":55,"column":19},"end":{"line":55,"column":29}},{"start":{"line":55,"column":32},"end":{"line":55,"column":34}}],"line":55},"7":{"loc":{"start":{"line":56,"column":10},"end":{"line":56,"column":null}},"type":"cond-expr","locations":[{"start":{"line":56,"column":23},"end":{"line":56,"column":37}},{"start":{"line":56,"column":40},"end":{"line":56,"column":null}}],"line":56},"8":{"loc":{"start":{"line":63,"column":4},"end":{"line":63,"column":null}},"type":"if","locations":[{"start":{"line":63,"column":4},"end":{"line":63,"column":null}},{"start":{},"end":{}}],"line":63},"9":{"loc":{"start":{"line":69,"column":4},"end":{"line":70,"column":null}},"type":"if","locations":[{"start":{"line":69,"column":4},"end":{"line":70,"column":null}},{"start":{},"end":{}}],"line":69},"10":{"loc":{"start":{"line":70,"column":25},"end":{"line":70,"column":null}},"type":"cond-expr","locations":[{"start":{"line":70,"column":35},"end":{"line":70,"column":49}},{"start":{"line":70,"column":49},"end":{"line":70,"column":null}}],"line":70},"11":{"loc":{"start":{"line":89,"column":6},"end":{"line":95,"column":null}},"type":"if","locations":[{"start":{"line":89,"column":6},"end":{"line":95,"column":null}},{"start":{},"end":{}}],"line":89},"12":{"loc":{"start":{"line":110,"column":18},"end":{"line":110,"column":null}},"type":"binary-expr","locations":[{"start":{"line":110,"column":18},"end":{"line":110,"column":44}},{"start":{"line":110,"column":48},"end":{"line":110,"column":null}}],"line":110}},"s":{"0":1,"1":1,"2":1,"3":9,"4":9,"5":9,"6":9,"7":9,"8":3,"9":10,"10":0,"11":21,"12":9,"13":9,"14":6,"15":6,"16":6,"17":6,"18":0,"19":12,"20":12,"21":12,"22":0,"23":12,"24":12,"25":12,"26":12,"27":12,"28":12,"29":6,"30":6,"31":6,"32":6,"33":6,"34":5,"35":5,"36":5,"37":0,"38":0,"39":1,"40":6,"41":9,"42":9,"43":9,"44":9,"45":9,"46":9,"47":3,"48":1},"f":{"0":9,"1":9,"2":3,"3":10,"4":21,"5":9,"6":9,"7":6,"8":12,"9":6,"10":9,"11":3},"b":{"0":[0,10],"1":[21,0],"2":[9,9],"3":[9,9],"4":[6,0],"5":[6,6],"6":[0,0],"7":[0,0],"8":[0,12],"9":[12,0],"10":[6,6],"11":[0,5],"12":[9,8]},"meta":{"lastBranch":13,"lastFunction":12,"lastStatement":49,"seen":{"s:8:44:12:Infinity":0,"s:14:20:14:Infinity":1,"s:17:30:20:Infinity":2,"f:24:2:24:16":0,"s:25:4:25:Infinity":3,"s:22:21:22:Infinity":4,"s:26:4:26:Infinity":5,"f:29:2:29:22":1,"s:30:4:30:Infinity":6,"s:31:4:31:Infinity":7,"f:31:63:31:78":2,"s:31:78:31:96":8,"f:34:2:34:29":3,"b:35:4:35:Infinity:undefined:undefined:undefined:undefined":0,"s:35:4:35:Infinity":9,"s:35:26:35:Infinity":10,"f:38:14:38:39":4,"s:39:4:39:Infinity":11,"b:39:12:39:41:39:62:39:Infinity":1,"f:42:14:42:40":5,"s:43:4:43:Infinity":12,"b:43:12:43:38:43:63:43:Infinity":2,"f:46:14:46:51":6,"s:47:4:47:Infinity":13,"b:47:12:47:37:47:74:47:Infinity":3,"f:50:2:50:10":7,"s:51:19:51:47":14,"s:52:23:52:55":15,"b:53:4:53:Infinity:undefined:undefined:undefined:undefined":4,"s:53:4:53:Infinity":16,"b:53:8:53:19:53:19:53:32":5,"s:53:32:53:Infinity":17,"s:54:4:57:Infinity":18,"b:55:19:55:29:55:32:55:34":6,"b:56:23:56:37:56:40:56:Infinity":7,"f:60:2:60:10":8,"s:61:4:61:Infinity":19,"s:62:16:62:56":20,"b:63:4:63:Infinity:undefined:undefined:undefined:undefined":8,"s:63:4:63:Infinity":21,"s:63:14:63:Infinity":22,"s:64:4:64:Infinity":23,"s:65:4:65:Infinity":24,"s:66:4:66:Infinity":25,"s:68:19:68:55":26,"b:69:4:70:Infinity:undefined:undefined:undefined:undefined":9,"s:69:4:70:Infinity":27,"s:70:6:70:Infinity":28,"b:70:35:70:49:70:49:70:Infinity":10,"f:74:16:74:30":9,"s:75:21:75:Infinity":29,"s:76:19:76:43":30,"s:78:4:104:Infinity":31,"s:79:6:79:Infinity":32,"s:80:33:80:75":33,"s:82:6:86:Infinity":34,"s:88:24:88:55":35,"b:89:6:95:Infinity:undefined:undefined:undefined:undefined":11,"s:89:6:95:Infinity":36,"s:90:25:90:67":37,"s:91:8:95:Infinity":38,"s:98:6:102:Infinity":39,"s:104:6:104:Infinity":40,"f:108:2:108:10":10,"s:109:21:109:Infinity":41,"s:110:18:110:Infinity":42,"b:110:18:110:44:110:48:110:Infinity":12,"s:111:17:111:Infinity":43,"s:112:10:112:67":44,"s:114:4:118:Infinity":45,"s:123:4:123:Infinity":46,"f:123:63:123:78":11,"s:123:78:123:96":47,"s:127:0:127:Infinity":48}}}
,"D:\\CONG VIEC\\google-auth-everywhere\\src\\core\\auth-service.ts": {"path":"D:\\CONG VIEC\\google-auth-everywhere\\src\\core\\auth-service.ts","statementMap":{"0":{"start":{"line":26,"column":2},"end":{"line":32,"column":null}},"1":{"start":{"line":28,"column":6},"end":{"line":28,"column":null}},"2":{"start":{"line":30,"column":6},"end":{"line":30,"column":null}},"3":{"start":{"line":32,"column":6},"end":{"line":32,"column":null}},"4":{"start":{"line":40,"column":8},"end":{"line":40,"column":34}},"5":{"start":{"line":41,"column":8},"end":{"line":41,"column":27}},"6":{"start":{"line":42,"column":23},"end":{"line":42,"column":47}},"7":{"start":{"line":43,"column":17},"end":{"line":43,"column":58}},"8":{"start":{"line":44,"column":16},"end":{"line":44,"column":46}},"9":{"start":{"line":46,"column":2},"end":{"line":55,"column":null}},"10":{"start":{"line":62,"column":2},"end":{"line":66,"column":null}}},"fnMap":{"0":{"name":"createProvider","decl":{"start":{"line":25,"column":9},"end":{"line":25,"column":24}},"loc":{"start":{"line":25,"column":70},"end":{"line":32,"column":null}},"line":25},"1":{"name":"signInWithProvider","decl":{"start":{"line":36,"column":22},"end":{"line":36,"column":null}},"loc":{"start":{"line":39,"column":23},"end":{"line":55,"column":null}},"line":39},"2":{"name":"postTokenToServer","decl":{"start":{"line":58,"column":22},"end":{"line":58,"column":null}},"loc":{"start":{"line":61,"column":21},"end":{"line":66,"column":null}},"line":61}},"branchMap":{"0":{"loc":{"start":{"line":26,"column":2},"end":{"line":32,"column":null}},"type":"switch","locations":[{"start":{"line":27,"column":4},"end":{"line":28,"column":null}},{"start":{"line":29,"column":4},"end":{"line":30,"column":null}},{"start":{"line":31,"column":4},"end":{"line":32,"column":null}}],"line":26}},"s":{"0":9,"1":7,"2":1,"3":1,"4":9,"5":9,"6":9,"7":9,"8":8,"9":8,"10":1},"f":{"0":9,"1":9,"2":1},"b":{"0":[7,1,1]},"meta":{"lastBranch":1,"lastFunction":3,"lastStatement":11,"seen":{"f:25:9:25:24":0,"b:27:4:28:Infinity:29:4:30:Infinity:31:4:32:Infinity":0,"s:26:2:32:Infinity":0,"s:28:6:28:Infinity":1,"s:30:6:30:Infinity":2,"s:32:6:32:Infinity":3,"f:36:22:36:Infinity":1,"s:40:8:40:34":4,"s:41:8:41:27":5,"s:42:23:42:47":6,"s:43:17:43:58":7,"s:44:16:44:46":8,"s:46:2:55:Infinity":9,"f:58:22:58:Infinity":2,"s:62:2:66:Infinity":10}}}
,"D:\\CONG VIEC\\google-auth-everywhere\\src\\core\\firebase-init.ts": {"path":"D:\\CONG VIEC\\google-auth-everywhere\\src\\core\\firebase-init.ts","statementMap":{"0":{"start":{"line":3,"column":40},"end":{"line":7,"column":null}},"1":{"start":{"line":9,"column":17},"end":{"line":9,"column":47}},"2":{"start":{"line":12,"column":2},"end":{"line":12,"column":null}},"3":{"start":{"line":17,"column":4},"end":{"line":17,"column":null}},"4":{"start":{"line":19,"column":14},"end":{"line":19,"column":37}},"5":{"start":{"line":21,"column":2},"end":{"line":22,"column":null}},"6":{"start":{"line":22,"column":4},"end":{"line":22,"column":null}},"7":{"start":{"line":26,"column":4},"end":{"line":26,"column":38}},"8":{"start":{"line":27,"column":18},"end":{"line":29,"column":null}},"9":{"start":{"line":32,"column":8},"end":{"line":32,"column":60}},"10":{"start":{"line":32,"column":41},"end":{"line":32,"column":60}},"11":{"start":{"line":33,"column":2},"end":{"line":35,"column":null}},"12":{"start":{"line":34,"column":4},"end":{"line":34,"column":null}},"13":{"start":{"line":35,"column":4},"end":{"line":35,"column":null}},"14":{"start":{"line":38,"column":8},"end":{"line":38,"column":49}},"15":{"start":{"line":39,"column":2},"end":{"line":39,"column":null}},"16":{"start":{"line":40,"column":2},"end":{"line":40,"column":null}}},"fnMap":{"0":{"name":"configHash","decl":{"start":{"line":11,"column":9},"end":{"line":11,"column":20}},"loc":{"start":{"line":11,"column":53},"end":{"line":12,"column":null}},"line":11},"1":{"name":"getOrInitApp","decl":{"start":{"line":15,"column":16},"end":{"line":15,"column":29}},"loc":{"start":{"line":15,"column":77},"end":{"line":40,"column":null}},"line":15},"2":{"name":"(anonymous_2)","decl":{"start":{"line":32,"column":29},"end":{"line":32,"column":35}},"loc":{"start":{"line":32,"column":41},"end":{"line":32,"column":60}},"line":32}},"branchMap":{"0":{"loc":{"start":{"line":17,"column":4},"end":{"line":17,"column":null}},"type":"cond-expr","locations":[{"start":{"line":17,"column":21},"end":{"line":17,"column":56}},{"start":{"line":17,"column":56},"end":{"line":17,"column":null}}],"line":17},"1":{"loc":{"start":{"line":21,"column":2},"end":{"line":22,"column":null}},"type":"if","locations":[{"start":{"line":21,"column":2},"end":{"line":22,"column":null}},{"start":{},"end":{}}],"line":21},"2":{"loc":{"start":{"line":27,"column":18},"end":{"line":29,"column":null}},"type":"cond-expr","locations":[{"start":{"line":28,"column":6},"end":{"line":28,"column":null}},{"start":{"line":29,"column":6},"end":{"line":29,"column":null}}],"line":27},"3":{"loc":{"start":{"line":33,"column":2},"end":{"line":35,"column":null}},"type":"if","locations":[{"start":{"line":33,"column":2},"end":{"line":35,"column":null}},{"start":{},"end":{}}],"line":33}},"s":{"0":3,"1":3,"2":17,"3":13,"4":13,"5":13,"6":9,"7":4,"8":4,"9":13,"10":1,"11":13,"12":0,"13":0,"14":4,"15":4,"16":4},"f":{"0":17,"1":13,"2":1},"b":{"0":[1,12],"1":[9,4],"2":[3,1],"3":[0,13]},"meta":{"lastBranch":4,"lastFunction":3,"lastStatement":17,"seen":{"s:3:40:7:Infinity":0,"s:9:17:9:47":1,"f:11:9:11:20":0,"s:12:2:12:Infinity":2,"f:15:16:15:29":1,"s:17:4:17:Infinity":3,"b:17:21:17:56:17:56:17:Infinity":0,"s:19:14:19:37":4,"b:21:2:22:Infinity:undefined:undefined:undefined:undefined":1,"s:21:2:22:Infinity":5,"s:22:4:22:Infinity":6,"s:26:4:26:38":7,"s:27:18:29:Infinity":8,"b:28:6:28:Infinity:29:6:29:Infinity":2,"s:32:8:32:60":9,"f:32:29:32:35":2,"s:32:41:32:60":10,"b:33:2:35:Infinity:undefined:undefined:undefined:undefined":3,"s:33:2:35:Infinity":11,"s:34:4:34:Infinity":12,"s:35:4:35:Infinity":13,"s:38:8:38:49":14,"s:39:2:39:Infinity":15,"s:40:2:40:Infinity":16}}}
,"D:\\CONG VIEC\\google-auth-everywhere\\src\\styles\\brand-styles.ts": {"path":"D:\\CONG VIEC\\google-auth-everywhere\\src\\styles\\brand-styles.ts","statementMap":{"0":{"start":{"line":13,"column":76},"end":{"line":26,"column":null}},"1":{"start":{"line":28,"column":104},"end":{"line":32,"column":null}},"2":{"start":{"line":35,"column":12},"end":{"line":35,"column":null}},"3":{"start":{"line":36,"column":12},"end":{"line":36,"column":null}},"4":{"start":{"line":38,"column":2},"end":{"line":113,"column":null}},"5":{"start":{"line":119,"column":60},"end":{"line":123,"column":null}}},"fnMap":{"0":{"name":"getButtonStyles","decl":{"start":{"line":34,"column":16},"end":{"line":34,"column":32}},"loc":{"start":{"line":34,"column":90},"end":{"line":113,"column":null}},"line":34}},"branchMap":{},"s":{"0":1,"1":1,"2":9,"3":9,"4":9,"5":1},"f":{"0":9},"b":{},"meta":{"lastBranch":0,"lastFunction":1,"lastStatement":6,"seen":{"s:13:76:26:Infinity":0,"s:28:104:32:Infinity":1,"f:34:16:34:32":0,"s:35:12:35:Infinity":2,"s:36:12:36:Infinity":3,"s:38:2:113:Infinity":4,"s:119:60:123:Infinity":5}}}
}
